<?xml version="1.0" encoding="UTF-8"?>
<testsuite xmlns:xsi="http://www.w3.org/2001/XMLSchema-instance" xsi:noNamespaceSchemaLocation="https://maven.apache.org/surefire/maven-surefire-plugin/xsd/surefire-test-report-3.0.xsd" version="3.0" name="com.sbcm.BookAsistentsServer.BookAsistentsServerApplicationTests" time="8.94" tests="1" errors="0" skipped="0" failures="0">
  <properties>
[...]
</properties>
  <testcase name="contextLoads" classname="com.sbcm.BookAsistentsServer.BookAsistentsServerApplicationTests" time="0.704">
    <system-out><![CDATA[17:27:21.798 [main] INFO org.springframework.test.context.support.AnnotationConfigContextLoaderUtils -- Could not detect default configuration classes for test class [com.sbcm.BookAsistentsServer.BookAsistentsServerApplicationTests]: BookAsistentsServerApplicationTests does not declare any static, non-private, non-final, nested classes annotated with @Configuration.
17:27:21.970 [main] INFO org.springframework.boot.test.context.SpringBootTestContextBootstrapper -- Found @SpringBootConfiguration com.sbcm.BookAsistentsServer.BookAsistentsServerApplication for test class com.sbcm.BookAsistentsServer.BookAsistentsServerApplicationTests
17:27:22.246 [main] INFO org.springframework.boot.devtools.restart.RestartApplicationListener -- Restart disabled due to context in which it is running

  .   ____          _            __ _ _
 /\\ / ___'_ __ _ _(_)_ __  __ _ \ \ \ \
( ( )\___ | '_ | '_| | '_ \/ _` | \ \ \ \
 \\/  ___)| |_)| | | | | || (_| |  ) ) ) )
  '  |____| .__|_| |_|_| |_\__, | / / / /
 =========|_|==============|___/=/_/_/_/
 :: Spring Boot ::                (v3.2.0)

2024-03-27T17:27:22.689-06:00  INFO 22560 --- [           main] .s.B.BookAsistentsServerApplicationTests : Starting BookAsistentsServerApplicationTests using Java 19.0.2 with PID 22560 (started by Nim in C:\Users\Nim\Desktop\FPGG\BookAsistentsServer)
2024-03-27T17:27:22.691-06:00  INFO 22560 --- [           main] .s.B.BookAsistentsServerApplicationTests : No active profile set, falling back to 1 default profile: "default"
2024-03-27T17:27:23.824-06:00  INFO 22560 --- [           main] .s.d.r.c.RepositoryConfigurationDelegate : Multiple Spring Data modules found, entering strict repository configuration mode
2024-03-27T17:27:23.827-06:00  INFO 22560 --- [           main] .s.d.r.c.RepositoryConfigurationDelegate : Bootstrapping Spring Data JDBC repositories in DEFAULT mode.
2024-03-27T17:27:23.879-06:00  INFO 22560 --- [           main] .RepositoryConfigurationExtensionSupport : Spring Data JDBC - Could not safely identify store assignment for repository candidate interface com.sbcm.BookAsistentsServer.repositories.AdultPersonalRepository; If you want this repository to be a JDBC repository, consider annotating your entities with one of these annotations: org.springframework.data.relational.core.mapping.Table.
2024-03-27T17:27:23.881-06:00  INFO 22560 --- [           main] .RepositoryConfigurationExtensionSupport : Spring Data JDBC - Could not safely identify store assignment for repository candidate interface com.sbcm.BookAsistentsServer.repositories.AdultRepository; If you want this repository to be a JDBC repository, consider annotating your entities with one of these annotations: org.springframework.data.relational.core.mapping.Table.
2024-03-27T17:27:23.883-06:00  INFO 22560 --- [           main] .RepositoryConfigurationExtensionSupport : Spring Data JDBC - Could not safely identify store assignment for repository candidate interface com.sbcm.BookAsistentsServer.repositories.KidPersonalRepository; If you want this repository to be a JDBC repository, consider annotating your entities with one of these annotations: org.springframework.data.relational.core.mapping.Table.
2024-03-27T17:27:23.885-06:00  INFO 22560 --- [           main] .RepositoryConfigurationExtensionSupport : Spring Data JDBC - Could not safely identify store assignment for repository candidate interface com.sbcm.BookAsistentsServer.repositories.KidRepository; If you want this repository to be a JDBC repository, consider annotating your entities with one of these annotations: org.springframework.data.relational.core.mapping.Table.
2024-03-27T17:27:23.886-06:00  INFO 22560 --- [           main] .s.d.r.c.RepositoryConfigurationDelegate : Finished Spring Data repository scanning in 50 ms. Found 0 JDBC repository interfaces.
2024-03-27T17:27:23.900-06:00  INFO 22560 --- [           main] .s.d.r.c.RepositoryConfigurationDelegate : Multiple Spring Data modules found, entering strict repository configuration mode
2024-03-27T17:27:23.902-06:00  INFO 22560 --- [           main] .s.d.r.c.RepositoryConfigurationDelegate : Bootstrapping Spring Data JPA repositories in DEFAULT mode.
2024-03-27T17:27:23.943-06:00  INFO 22560 --- [           main] .s.d.r.c.RepositoryConfigurationDelegate : Finished Spring Data repository scanning in 35 ms. Found 4 JPA repository interfaces.
2024-03-27T17:27:24.614-06:00  INFO 22560 --- [           main] o.hibernate.jpa.internal.util.LogHelper  : HHH000204: Processing PersistenceUnitInfo [name: default]
2024-03-27T17:27:24.735-06:00  INFO 22560 --- [           main] org.hibernate.Version                    : HHH000412: Hibernate ORM core version 6.3.1.Final
2024-03-27T17:27:24.807-06:00  INFO 22560 --- [           main] o.h.c.internal.RegionFactoryInitiator    : HHH000026: Second-level cache disabled
2024-03-27T17:27:25.280-06:00  INFO 22560 --- [           main] o.s.o.j.p.SpringPersistenceUnitInfo      : No LoadTimeWeaver setup: ignoring JPA class transformer
2024-03-27T17:27:25.327-06:00  INFO 22560 --- [           main] com.zaxxer.hikari.HikariDataSource       : HikariPool-1 - Starting...
2024-03-27T17:27:25.611-06:00  INFO 22560 --- [           main] com.zaxxer.hikari.pool.HikariPool        : HikariPool-1 - Added connection com.mysql.cj.jdbc.ConnectionImpl@4c2c44e8
2024-03-27T17:27:25.614-06:00  INFO 22560 --- [           main] com.zaxxer.hikari.HikariDataSource       : HikariPool-1 - Start completed.
2024-03-27T17:27:25.713-06:00  WARN 22560 --- [           main] org.hibernate.dialect.Dialect            : HHH000511: The 5.5.0 version for [org.hibernate.dialect.MySQLDialect] is no longer supported, hence certain features may not work properly. The minimum supported version is 5.7.0. Check the community dialects project for available legacy versions.
2024-03-27T17:27:27.123-06:00  INFO 22560 --- [           main] o.h.e.t.j.p.i.JtaPlatformInitiator       : HHH000489: No JTA platform available (set 'hibernate.transaction.jta.platform' to enable JTA platform integration)
2024-03-27T17:27:27.211-06:00  INFO 22560 --- [           main] j.LocalContainerEntityManagerFactoryBean : Initialized JPA EntityManagerFactory for persistence unit 'default'
2024-03-27T17:27:27.583-06:00  INFO 22560 --- [           main] o.s.d.j.r.query.QueryEnhancerFactory     : JSqlParser is in classpath; If applicable, JSqlParser will be used
2024-03-27T17:27:27.584-06:00  INFO 22560 --- [           main] o.s.d.j.r.query.QueryEnhancerFactory     : Hibernate is in classpath; If applicable, HQL parser will be used.
2024-03-27T17:27:29.011-06:00  WARN 22560 --- [           main] JpaBaseConfiguration$JpaWebConfiguration : spring.jpa.open-in-view is enabled by default. Therefore, database queries may be performed during view rendering. Explicitly configure spring.jpa.open-in-view to disable this warning
2024-03-27T17:27:29.747-06:00  INFO 22560 --- [           main] .s.B.BookAsistentsServerApplicationTests : Started BookAsistentsServerApplicationTests in 7.527 seconds (process running for 9.185)
]]></system-out>
  </testcase>
</testsuite>